2020-09-01 12:41:05,978 INFO o.a.j.u.JMeterUtils: Setting Locale to en_EN
2020-09-01 12:41:05,990 INFO o.a.j.JMeter: Loading user properties from: /opt/apache-jmeter-5.1.1/bin/user.properties
2020-09-01 12:41:05,991 INFO o.a.j.JMeter: Loading system properties from: /opt/apache-jmeter-5.1.1/bin/system.properties
2020-09-01 12:41:05,991 INFO o.a.j.JMeter: Setting JMeter property: gate-url=40.64.65.56
2020-09-01 12:41:05,991 INFO o.a.j.JMeter: Setting JMeter property: ui-url=40.64.65.7
2020-09-01 12:41:05,991 INFO o.a.j.JMeter: Setting JMeter property: port=8084
2020-09-01 12:41:05,991 INFO o.a.j.JMeter: Setting JMeter property: protocol=http
2020-09-01 12:41:05,991 INFO o.a.j.JMeter: Setting JMeter property: username=admin
2020-09-01 12:41:05,991 INFO o.a.j.JMeter: Setting JMeter property: password=opsmx123
2020-09-01 12:41:05,996 INFO o.a.j.JMeter: Copyright (c) 1998-2019 The Apache Software Foundation
2020-09-01 12:41:05,996 INFO o.a.j.JMeter: Version 5.1.1 r1855137
2020-09-01 12:41:05,996 INFO o.a.j.JMeter: java.version=1.8.0_222
2020-09-01 12:41:05,996 INFO o.a.j.JMeter: java.vm.name=OpenJDK 64-Bit Server VM
2020-09-01 12:41:05,996 INFO o.a.j.JMeter: os.name=Linux
2020-09-01 12:41:05,996 INFO o.a.j.JMeter: os.arch=amd64
2020-09-01 12:41:05,996 INFO o.a.j.JMeter: os.version=5.4.0-42-generic
2020-09-01 12:41:05,996 INFO o.a.j.JMeter: file.encoding=UTF-8
2020-09-01 12:41:05,996 INFO o.a.j.JMeter: java.awt.headless=true
2020-09-01 12:41:05,996 INFO o.a.j.JMeter: Max memory     =1073741824
2020-09-01 12:41:05,996 INFO o.a.j.JMeter: Available Processors =8
2020-09-01 12:41:06,000 INFO o.a.j.JMeter: Default Locale=English (EN)
2020-09-01 12:41:06,001 INFO o.a.j.JMeter: JMeter  Locale=English (EN)
2020-09-01 12:41:06,001 INFO o.a.j.JMeter: JMeterHome=/opt/apache-jmeter-5.1.1
2020-09-01 12:41:06,001 INFO o.a.j.JMeter: user.dir  =/jmeter-testing/jmeter-scripts
2020-09-01 12:41:06,001 INFO o.a.j.JMeter: PWD       =/jmeter-testing/jmeter-scripts
2020-09-01 12:41:06,001 INFO o.a.j.JMeter: IP: 172.17.0.2 Name: f0b883e0969c FullName: f0b883e0969c
2020-09-01 12:41:06,004 INFO o.a.j.s.FileServer: Default base='/jmeter-testing/jmeter-scripts'
2020-09-01 12:41:06,009 INFO o.a.j.s.FileServer: Set new base='/jmeter-testing/jmeter-scripts'
2020-09-01 12:41:06,139 INFO o.a.j.s.SaveService: Testplan (JMX) version: 2.2. Testlog (JTL) version: 2.2
2020-09-01 12:41:06,152 INFO o.a.j.s.SaveService: Using SaveService properties file encoding UTF-8
2020-09-01 12:41:06,155 INFO o.a.j.s.SaveService: Using SaveService properties version 5.0
2020-09-01 12:41:06,161 INFO o.a.j.s.SaveService: Loading file: F-oes-policy-edit-and-delete.jmx
2020-09-01 12:41:06,194 INFO o.a.j.p.h.c.CookieManager: Settings: Delete null: true Check: true Allow variable: true Save: false Prefix: COOKIE_
2020-09-01 12:41:06,210 INFO o.a.j.p.h.s.HTTPSamplerBase: Parser for text/html is org.apache.jmeter.protocol.http.parser.LagartoBasedHtmlParser
2020-09-01 12:41:06,210 INFO o.a.j.p.h.s.HTTPSamplerBase: Parser for application/xhtml+xml is org.apache.jmeter.protocol.http.parser.LagartoBasedHtmlParser
2020-09-01 12:41:06,210 INFO o.a.j.p.h.s.HTTPSamplerBase: Parser for application/xml is org.apache.jmeter.protocol.http.parser.LagartoBasedHtmlParser
2020-09-01 12:41:06,210 INFO o.a.j.p.h.s.HTTPSamplerBase: Parser for text/xml is org.apache.jmeter.protocol.http.parser.LagartoBasedHtmlParser
2020-09-01 12:41:06,210 INFO o.a.j.p.h.s.HTTPSamplerBase: Parser for text/vnd.wap.wml is org.apache.jmeter.protocol.http.parser.RegexpHTMLParser
2020-09-01 12:41:06,210 INFO o.a.j.p.h.s.HTTPSamplerBase: Parser for text/css is org.apache.jmeter.protocol.http.parser.CssParser
2020-09-01 12:41:06,428 INFO o.a.j.e.KeyToolUtils: keytool found at 'keytool'
2020-09-01 12:41:06,430 INFO o.a.j.p.h.p.ProxyControl: HTTP(S) Test Script Recorder SSL Proxy will use keys that support embedded 3rd party resources in file /opt/apache-jmeter-5.1.1/bin/proxyserver.jks
2020-09-01 12:41:06,463 INFO o.a.j.JMeter: Creating summariser <summary>
2020-09-01 12:41:06,468 INFO o.a.j.e.StandardJMeterEngine: Running the test!
2020-09-01 12:41:06,469 INFO o.a.j.s.SampleEvent: List of sample_variables: []
2020-09-01 12:41:06,469 INFO o.a.j.s.SampleEvent: List of sample_variables: []
2020-09-01 12:41:06,474 INFO o.a.j.e.u.CompoundVariable: Note: Function class names must contain the string: '.functions.'
2020-09-01 12:41:06,474 INFO o.a.j.e.u.CompoundVariable: Note: Function class names must not contain the string: '.gui.'
2020-09-01 12:41:06,796 INFO o.a.j.JMeter: Running test (1598964066796)
2020-09-01 12:41:06,832 INFO o.a.j.e.StandardJMeterEngine: Starting ThreadGroup: 1 : Thread Group
2020-09-01 12:41:06,832 INFO o.a.j.e.StandardJMeterEngine: Starting 1 threads for group Thread Group.
2020-09-01 12:41:06,832 INFO o.a.j.e.StandardJMeterEngine: Thread will continue on error
2020-09-01 12:41:06,833 INFO o.a.j.t.ThreadGroup: Starting thread group... number=1 threads=1 ramp-up=1 delayedStart=false
2020-09-01 12:41:06,841 INFO o.a.j.t.ThreadGroup: Started thread group number 1
2020-09-01 12:41:06,842 INFO o.a.j.e.StandardJMeterEngine: All thread groups have been started
2020-09-01 12:41:06,846 INFO o.a.j.s.SampleResult: Note: Sample TimeStamps are START times
2020-09-01 12:41:06,846 INFO o.a.j.s.SampleResult: sampleresult.default.encoding is set to ISO-8859-1
2020-09-01 12:41:06,846 INFO o.a.j.s.SampleResult: sampleresult.useNanoTime=true
2020-09-01 12:41:06,846 INFO o.a.j.s.SampleResult: sampleresult.nanoThreadSleep=5000
2020-09-01 12:41:06,849 INFO o.a.j.t.JMeterThread: Thread started: Thread Group 1-1
2020-09-01 12:41:06,864 INFO o.a.j.p.h.s.HTTPHCAbstractImpl: Local host = f0b883e0969c
2020-09-01 12:41:06,868 INFO o.a.j.p.h.s.HTTPHC4Impl: HTTP request retry count = 0
2020-09-01 12:41:29,844 INFO o.a.j.t.JMeterThread: Thread is done: Thread Group 1-1
2020-09-01 12:41:29,844 INFO o.a.j.t.JMeterThread: Thread finished: Thread Group 1-1
2020-09-01 12:41:29,845 INFO o.a.j.e.StandardJMeterEngine: Notifying test listeners of end of test
2020-09-01 12:41:29,846 INFO o.a.j.r.Summariser: summary =     30 in 00:00:23 =    1.3/s Avg:   761 Min:   306 Max:  1217 Err:     0 (0.00%)
