2020-07-29 10:15:45,865 INFO o.a.j.u.JMeterUtils: Setting Locale to en_EN
2020-07-29 10:15:45,994 INFO o.a.j.JMeter: Loading user properties from: /opt/apache-jmeter-4.0/bin/user.properties
2020-07-29 10:15:45,994 INFO o.a.j.JMeter: Loading system properties from: /opt/apache-jmeter-4.0/bin/system.properties
2020-07-29 10:15:45,995 INFO o.a.j.JMeter: Setting JMeter property: host=40.64.65.56
2020-07-29 10:15:45,995 INFO o.a.j.JMeter: Setting JMeter property: URL=40.64.65.7
2020-07-29 10:15:45,995 INFO o.a.j.JMeter: Setting JMeter property: port=8084
2020-07-29 10:15:45,995 INFO o.a.j.JMeter: Setting JMeter property: scheme=http
2020-07-29 10:15:45,995 INFO o.a.j.JMeter: Setting JMeter property: username=admin
2020-07-29 10:15:45,995 INFO o.a.j.JMeter: Setting JMeter property: password=OpsMx@123
2020-07-29 10:15:46,043 INFO o.a.j.JMeter: Copyright (c) 1998-2018 The Apache Software Foundation
2020-07-29 10:15:46,043 INFO o.a.j.JMeter: Version 4.0 r1823414
2020-07-29 10:15:46,043 INFO o.a.j.JMeter: java.version=1.8.0_171
2020-07-29 10:15:46,043 INFO o.a.j.JMeter: java.vm.name=OpenJDK 64-Bit Server VM
2020-07-29 10:15:46,043 INFO o.a.j.JMeter: os.name=Linux
2020-07-29 10:15:46,043 INFO o.a.j.JMeter: os.arch=amd64
2020-07-29 10:15:46,043 INFO o.a.j.JMeter: os.version=4.15.0-1089-azure
2020-07-29 10:15:46,043 INFO o.a.j.JMeter: file.encoding=UTF-8
2020-07-29 10:15:46,044 INFO o.a.j.JMeter: Max memory     =1073741824
2020-07-29 10:15:46,044 INFO o.a.j.JMeter: Available Processors =2
2020-07-29 10:15:46,066 INFO o.a.j.JMeter: Default Locale=English (EN)
2020-07-29 10:15:46,066 INFO o.a.j.JMeter: JMeter  Locale=English (EN)
2020-07-29 10:15:46,066 INFO o.a.j.JMeter: JMeterHome=/opt/apache-jmeter-4.0
2020-07-29 10:15:46,066 INFO o.a.j.JMeter: user.dir  =/opt/apache-jmeter-4.0/jmeter-testing
2020-07-29 10:15:46,066 INFO o.a.j.JMeter: PWD       =/opt/apache-jmeter-4.0/jmeter-testing
2020-07-29 10:15:46,083 INFO o.a.j.JMeter: IP: 10.244.0.101 Name: jmeter-3fe846bbb36abbc8-dld5n FullName: jmeter-3fe846bbb36abbc8-dld5n
2020-07-29 10:15:46,103 INFO o.a.j.s.FileServer: Default base='/opt/apache-jmeter-4.0/jmeter-testing'
2020-07-29 10:15:46,192 INFO o.a.j.s.FileServer: Set new base='/opt/apache-jmeter-4.0/jmeter-testing'
2020-07-29 10:15:47,253 INFO o.a.j.s.SaveService: Testplan (JMX) version: 2.2. Testlog (JTL) version: 2.2
2020-07-29 10:15:47,339 INFO o.a.j.s.SaveService: Using SaveService properties file encoding UTF-8
2020-07-29 10:15:47,351 INFO o.a.j.s.SaveService: Using SaveService properties version 4.0
2020-07-29 10:15:47,371 INFO o.a.j.s.SaveService: Loading file: OES.jmx
2020-07-29 10:15:47,508 INFO o.a.j.p.h.c.CookieManager: Settings: Delete null: true Check: true Allow variable: true Save: false Prefix: COOKIE_
2020-07-29 10:15:47,569 INFO o.a.j.p.h.s.HTTPSamplerBase: Parser for text/html is org.apache.jmeter.protocol.http.parser.LagartoBasedHtmlParser
2020-07-29 10:15:47,569 INFO o.a.j.p.h.s.HTTPSamplerBase: Parser for application/xhtml+xml is org.apache.jmeter.protocol.http.parser.LagartoBasedHtmlParser
2020-07-29 10:15:47,569 INFO o.a.j.p.h.s.HTTPSamplerBase: Parser for application/xml is org.apache.jmeter.protocol.http.parser.LagartoBasedHtmlParser
2020-07-29 10:15:47,569 INFO o.a.j.p.h.s.HTTPSamplerBase: Parser for text/xml is org.apache.jmeter.protocol.http.parser.LagartoBasedHtmlParser
2020-07-29 10:15:47,569 INFO o.a.j.p.h.s.HTTPSamplerBase: Parser for text/vnd.wap.wml is org.apache.jmeter.protocol.http.parser.RegexpHTMLParser
2020-07-29 10:15:47,569 INFO o.a.j.p.h.s.HTTPSamplerBase: Parser for text/css is org.apache.jmeter.protocol.http.parser.CssParser
2020-07-29 10:15:49,967 INFO o.a.j.e.KeyToolUtils: keytool found at 'keytool'
2020-07-29 10:15:49,968 INFO o.a.j.p.h.p.ProxyControl: HTTP(S) Test Script Recorder SSL Proxy will use keys that support embedded 3rd party resources in file /opt/apache-jmeter-4.0/bin/proxyserver.jks
2020-07-29 10:15:50,213 INFO o.a.j.JMeter: Creating summariser <summary>
2020-07-29 10:15:50,354 INFO o.a.j.e.StandardJMeterEngine: Running the test!
2020-07-29 10:15:50,404 INFO o.a.j.s.SampleEvent: List of sample_variables: []
2020-07-29 10:15:50,404 INFO o.a.j.s.SampleEvent: List of sample_variables: []
2020-07-29 10:15:50,462 INFO o.a.j.e.u.CompoundVariable: Note: Function class names must contain the string: '.functions.'
2020-07-29 10:15:50,462 INFO o.a.j.e.u.CompoundVariable: Note: Function class names must not contain the string: '.gui.'
2020-07-29 10:15:57,153 INFO o.a.j.JMeter: Running test (1596010557153)
2020-07-29 10:15:57,496 INFO o.a.j.e.StandardJMeterEngine: Starting ThreadGroup: 1 : Thread Group
2020-07-29 10:15:57,496 INFO o.a.j.e.StandardJMeterEngine: Starting 1 threads for group Thread Group.
2020-07-29 10:15:57,496 INFO o.a.j.e.StandardJMeterEngine: Thread will continue on error
2020-07-29 10:15:57,513 INFO o.a.j.t.ThreadGroup: Starting thread group... number=1 threads=1 ramp-up=1 perThread=1000.0 delayedStart=false
2020-07-29 10:15:57,591 INFO o.a.j.t.ThreadGroup: Started thread group number 1
2020-07-29 10:15:57,591 INFO o.a.j.e.StandardJMeterEngine: All thread groups have been started
2020-07-29 10:15:57,642 INFO o.a.j.s.SampleResult: Note: Sample TimeStamps are START times
2020-07-29 10:15:57,643 INFO o.a.j.s.SampleResult: sampleresult.default.encoding is set to ISO-8859-1
2020-07-29 10:15:57,643 INFO o.a.j.s.SampleResult: sampleresult.useNanoTime=true
2020-07-29 10:15:57,643 INFO o.a.j.s.SampleResult: sampleresult.nanoThreadSleep=5000
2020-07-29 10:15:57,662 INFO o.a.j.t.JMeterThread: Thread started: Thread Group 1-1
2020-07-29 10:15:57,760 INFO o.a.j.p.h.s.HTTPHCAbstractImpl: Local host = jmeter-3fe846bbb36abbc8-dld5n
2020-07-29 10:15:57,781 INFO o.a.j.p.h.s.HTTPHC4Impl: HTTP request retry count = 0
2020-07-29 10:16:00,266 INFO o.a.j.r.Summariser: summary +      4 in 00:00:03 =    1.3/s Avg:   560 Min:   127 Max:  1768 Err:     0 (0.00%) Active: 1 Started: 1 Finished: 0
2020-07-29 10:16:09,330 INFO o.a.j.t.JMeterThread: Thread is done: Thread Group 1-1
2020-07-29 10:16:09,330 INFO o.a.j.t.JMeterThread: Thread finished: Thread Group 1-1
2020-07-29 10:16:09,332 INFO o.a.j.e.StandardJMeterEngine: Notifying test listeners of end of test
2020-07-29 10:16:09,617 INFO o.a.j.r.Summariser: summary +     28 in 00:00:09 =    3.0/s Avg:   319 Min:    50 Max:  1724 Err:     4 (14.29%) Active: 0 Started: 1 Finished: 1
2020-07-29 10:16:09,617 INFO o.a.j.r.Summariser: summary =     32 in 00:00:12 =    2.6/s Avg:   349 Min:    50 Max:  1768 Err:     4 (12.50%)
