2020-08-26 09:11:03,159 INFO o.a.j.u.JMeterUtils: Setting Locale to en_EN
2020-08-26 09:11:03,187 INFO o.a.j.JMeter: Loading user properties from: /opt/apache-jmeter-5.1.1/bin/user.properties
2020-08-26 09:11:03,187 INFO o.a.j.JMeter: Loading system properties from: /opt/apache-jmeter-5.1.1/bin/system.properties
2020-08-26 09:11:03,187 INFO o.a.j.JMeter: Setting JMeter property: gate-url=oes-demo-api.opsmx.com
2020-08-26 09:11:03,188 INFO o.a.j.JMeter: Setting JMeter property: ui-url=oes-demo.opsmx.com
2020-08-26 09:11:03,188 INFO o.a.j.JMeter: Setting JMeter property: port=443
2020-08-26 09:11:03,188 INFO o.a.j.JMeter: Setting JMeter property: protocol=https
2020-08-26 09:11:03,188 INFO o.a.j.JMeter: Setting JMeter property: username=admin
2020-08-26 09:11:03,188 INFO o.a.j.JMeter: Setting JMeter property: password=opsmx@123
2020-08-26 09:11:03,197 INFO o.a.j.JMeter: Copyright (c) 1998-2019 The Apache Software Foundation
2020-08-26 09:11:03,197 INFO o.a.j.JMeter: Version 5.1.1 r1855137
2020-08-26 09:11:03,197 INFO o.a.j.JMeter: java.version=1.8.0_222
2020-08-26 09:11:03,197 INFO o.a.j.JMeter: java.vm.name=OpenJDK 64-Bit Server VM
2020-08-26 09:11:03,197 INFO o.a.j.JMeter: os.name=Linux
2020-08-26 09:11:03,197 INFO o.a.j.JMeter: os.arch=amd64
2020-08-26 09:11:03,198 INFO o.a.j.JMeter: os.version=4.15.0-1093-oem
2020-08-26 09:11:03,198 INFO o.a.j.JMeter: file.encoding=UTF-8
2020-08-26 09:11:03,198 INFO o.a.j.JMeter: java.awt.headless=true
2020-08-26 09:11:03,198 INFO o.a.j.JMeter: Max memory     =1073741824
2020-08-26 09:11:03,198 INFO o.a.j.JMeter: Available Processors =8
2020-08-26 09:11:03,208 INFO o.a.j.JMeter: Default Locale=English (EN)
2020-08-26 09:11:03,208 INFO o.a.j.JMeter: JMeter  Locale=English (EN)
2020-08-26 09:11:03,208 INFO o.a.j.JMeter: JMeterHome=/opt/apache-jmeter-5.1.1
2020-08-26 09:11:03,208 INFO o.a.j.JMeter: user.dir  =/jmeter-testing/jmeter-scripts
2020-08-26 09:11:03,209 INFO o.a.j.JMeter: PWD       =/jmeter-testing/jmeter-scripts
2020-08-26 09:11:03,209 INFO o.a.j.JMeter: IP: 172.17.0.2 Name: f14961edb216 FullName: f14961edb216
2020-08-26 09:11:03,214 INFO o.a.j.s.FileServer: Default base='/jmeter-testing/jmeter-scripts'
2020-08-26 09:11:03,225 INFO o.a.j.s.FileServer: Set new base='/jmeter-testing/jmeter-scripts'
2020-08-26 09:11:03,472 INFO o.a.j.s.SaveService: Testplan (JMX) version: 2.2. Testlog (JTL) version: 2.2
2020-08-26 09:11:03,494 INFO o.a.j.s.SaveService: Using SaveService properties file encoding UTF-8
2020-08-26 09:11:03,502 INFO o.a.j.s.SaveService: Using SaveService properties version 5.0
2020-08-26 09:11:03,512 INFO o.a.j.s.SaveService: Loading file: A-oes-datasource.jmx
2020-08-26 09:11:03,587 INFO o.a.j.p.h.c.CookieManager: Settings: Delete null: true Check: true Allow variable: true Save: false Prefix: COOKIE_
2020-08-26 09:11:03,621 INFO o.a.j.p.h.s.HTTPSamplerBase: Parser for text/html is org.apache.jmeter.protocol.http.parser.LagartoBasedHtmlParser
2020-08-26 09:11:03,621 INFO o.a.j.p.h.s.HTTPSamplerBase: Parser for application/xhtml+xml is org.apache.jmeter.protocol.http.parser.LagartoBasedHtmlParser
2020-08-26 09:11:03,621 INFO o.a.j.p.h.s.HTTPSamplerBase: Parser for application/xml is org.apache.jmeter.protocol.http.parser.LagartoBasedHtmlParser
2020-08-26 09:11:03,621 INFO o.a.j.p.h.s.HTTPSamplerBase: Parser for text/xml is org.apache.jmeter.protocol.http.parser.LagartoBasedHtmlParser
2020-08-26 09:11:03,621 INFO o.a.j.p.h.s.HTTPSamplerBase: Parser for text/vnd.wap.wml is org.apache.jmeter.protocol.http.parser.RegexpHTMLParser
2020-08-26 09:11:03,622 INFO o.a.j.p.h.s.HTTPSamplerBase: Parser for text/css is org.apache.jmeter.protocol.http.parser.CssParser
2020-08-26 09:11:04,041 INFO o.a.j.e.KeyToolUtils: keytool found at 'keytool'
2020-08-26 09:11:04,042 INFO o.a.j.p.h.p.ProxyControl: HTTP(S) Test Script Recorder SSL Proxy will use keys that support embedded 3rd party resources in file /opt/apache-jmeter-5.1.1/bin/proxyserver.jks
2020-08-26 09:11:04,098 INFO o.a.j.JMeter: Creating summariser <summary>
2020-08-26 09:11:04,108 INFO o.a.j.e.StandardJMeterEngine: Running the test!
2020-08-26 09:11:04,109 INFO o.a.j.s.SampleEvent: List of sample_variables: []
2020-08-26 09:11:04,110 INFO o.a.j.s.SampleEvent: List of sample_variables: []
2020-08-26 09:11:04,118 INFO o.a.j.e.u.CompoundVariable: Note: Function class names must contain the string: '.functions.'
2020-08-26 09:11:04,118 INFO o.a.j.e.u.CompoundVariable: Note: Function class names must not contain the string: '.gui.'
2020-08-26 09:11:04,726 INFO o.a.j.JMeter: Running test (1598433064726)
2020-08-26 09:11:04,811 INFO o.a.j.e.StandardJMeterEngine: Starting ThreadGroup: 1 : Thread Group
2020-08-26 09:11:04,811 INFO o.a.j.e.StandardJMeterEngine: Starting 1 threads for group Thread Group.
2020-08-26 09:11:04,811 INFO o.a.j.e.StandardJMeterEngine: Thread will continue on error
2020-08-26 09:11:04,811 INFO o.a.j.t.ThreadGroup: Starting thread group... number=1 threads=1 ramp-up=1 delayedStart=false
2020-08-26 09:11:04,824 INFO o.a.j.t.ThreadGroup: Started thread group number 1
2020-08-26 09:11:04,824 INFO o.a.j.e.StandardJMeterEngine: All thread groups have been started
2020-08-26 09:11:04,829 INFO o.a.j.s.SampleResult: Note: Sample TimeStamps are START times
2020-08-26 09:11:04,829 INFO o.a.j.s.SampleResult: sampleresult.default.encoding is set to ISO-8859-1
2020-08-26 09:11:04,829 INFO o.a.j.s.SampleResult: sampleresult.useNanoTime=true
2020-08-26 09:11:04,829 INFO o.a.j.s.SampleResult: sampleresult.nanoThreadSleep=5000
2020-08-26 09:11:04,834 INFO o.a.j.t.JMeterThread: Thread started: Thread Group 1-1
2020-08-26 09:11:04,870 INFO o.a.j.p.h.s.HTTPHCAbstractImpl: Local host = f14961edb216
2020-08-26 09:11:04,880 INFO o.a.j.p.h.s.HTTPHC4Impl: HTTP request retry count = 0
2020-08-26 09:11:05,218 INFO o.a.j.p.h.s.h.LazyLayeredConnectionSocketFactory: Setting up HTTPS TrustAll Socket Factory
2020-08-26 09:11:05,228 INFO o.a.j.u.JsseSSLManager: Using default SSL protocol: TLS
2020-08-26 09:11:05,228 INFO o.a.j.u.JsseSSLManager: SSL session context: per-thread
2020-08-26 09:11:05,569 INFO o.a.j.u.SSLManager: JmeterKeyStore Location:  type JKS
2020-08-26 09:11:05,575 INFO o.a.j.u.SSLManager: KeyStore created OK
2020-08-26 09:11:05,575 WARN o.a.j.u.SSLManager: Keystore file not found, loading empty keystore
2020-08-26 09:11:19,938 INFO o.a.j.t.JMeterThread: Thread is done: Thread Group 1-1
2020-08-26 09:11:19,938 INFO o.a.j.t.JMeterThread: Thread finished: Thread Group 1-1
2020-08-26 09:11:19,941 INFO o.a.j.e.StandardJMeterEngine: Notifying test listeners of end of test
2020-08-26 09:11:19,945 INFO o.a.j.r.Summariser: summary =     23 in 00:00:15 =    1.5/s Avg:   647 Min:   509 Max:  3119 Err:    23 (100.00%)
