2020-07-30 15:31:57,926 INFO o.a.j.u.JMeterUtils: Setting Locale to en_EN
2020-07-30 15:31:57,993 INFO o.a.j.JMeter: Loading user properties from: /opt/apache-jmeter-5.1.1/bin/user.properties
2020-07-30 15:31:57,993 INFO o.a.j.JMeter: Loading system properties from: /opt/apache-jmeter-5.1.1/bin/system.properties
2020-07-30 15:31:58,080 INFO o.a.j.JMeter: Copyright (c) 1998-2019 The Apache Software Foundation
2020-07-30 15:31:58,080 INFO o.a.j.JMeter: Version 5.1.1 r1855137
2020-07-30 15:31:58,080 INFO o.a.j.JMeter: java.version=1.8.0_222
2020-07-30 15:31:58,081 INFO o.a.j.JMeter: java.vm.name=OpenJDK 64-Bit Server VM
2020-07-30 15:31:58,081 INFO o.a.j.JMeter: os.name=Linux
2020-07-30 15:31:58,081 INFO o.a.j.JMeter: os.arch=amd64
2020-07-30 15:31:58,081 INFO o.a.j.JMeter: os.version=4.15.0-1089-azure
2020-07-30 15:31:58,081 INFO o.a.j.JMeter: file.encoding=UTF-8
2020-07-30 15:31:58,081 INFO o.a.j.JMeter: java.awt.headless=true
2020-07-30 15:31:58,081 INFO o.a.j.JMeter: Max memory     =1073741824
2020-07-30 15:31:58,081 INFO o.a.j.JMeter: Available Processors =1
2020-07-30 15:31:58,164 INFO o.a.j.JMeter: Default Locale=English (EN)
2020-07-30 15:31:58,166 INFO o.a.j.JMeter: JMeter  Locale=English (EN)
2020-07-30 15:31:58,166 INFO o.a.j.JMeter: JMeterHome=/opt/apache-jmeter-5.1.1
2020-07-30 15:31:58,167 INFO o.a.j.JMeter: user.dir  =/opt/apache-jmeter-5.1.1/jmeter-testing
2020-07-30 15:31:58,167 INFO o.a.j.JMeter: PWD       =/opt/apache-jmeter-5.1.1/jmeter-testing
2020-07-30 15:31:58,167 INFO o.a.j.JMeter: IP: 10.244.1.111 Name: jmeter-3fecc49d569f817c-8b29z FullName: jmeter-3fecc49d569f817c-8b29z
2020-07-30 15:31:58,243 INFO o.a.j.JMeter: Setting property 'jmeter.reportgenerator.outputdir' to:'/opt/apache-jmeter-5.1.1/jmeter-testing/logs-202007301528/reports'
2020-07-30 15:31:58,437 INFO o.a.j.r.d.ReportGenerator: ReportGenerator will use for Parsing the separator: ','
2020-07-30 15:31:58,437 INFO o.a.j.r.d.ReportGenerator: Will only generate report from results file: result.jtl
2020-07-30 15:31:58,438 INFO o.a.j.r.d.ReportGenerator: Reading report generator properties from: /opt/apache-jmeter-5.1.1/bin/reportgenerator.properties
2020-07-30 15:31:58,564 INFO o.a.j.r.d.ReportGenerator: Merging with JMeter properties
2020-07-30 15:31:58,618 INFO o.a.j.r.c.ReportGeneratorConfiguration: Property 'jmeter.reportgenerator.temp_dir' not found, using default value 'temp' instead.
2020-07-30 15:31:58,627 INFO o.a.j.r.c.ReportGeneratorConfiguration: Property 'jmeter.reportgenerator.apdex_per_transaction' not found, using default value 'null' instead.
2020-07-30 15:31:58,645 INFO o.a.j.r.c.ReportGeneratorConfiguration: apdex_per_transaction : {} is empty, not APDEX per transaction customization
2020-07-30 15:31:58,648 INFO o.a.j.r.c.ReportGeneratorConfiguration: Property 'jmeter.reportgenerator.sample_filter' not found, using default value 'null' instead.
2020-07-30 15:31:58,648 INFO o.a.j.r.c.ReportGeneratorConfiguration: Property 'jmeter.reportgenerator.report_title' not found, using default value 'null' instead.
2020-07-30 15:31:58,648 INFO o.a.j.r.c.ReportGeneratorConfiguration: Property 'jmeter.reportgenerator.start_date' not found, using default value 'null' instead.
2020-07-30 15:31:58,648 INFO o.a.j.r.c.ReportGeneratorConfiguration: Property 'jmeter.reportgenerator.end_date' not found, using default value 'null' instead.
2020-07-30 15:31:58,648 INFO o.a.j.r.c.ReportGeneratorConfiguration: Property 'jmeter.reportgenerator.date_format' not found, using default value 'null' instead.
2020-07-30 15:31:58,655 INFO o.a.j.r.c.ReportGeneratorConfiguration: Will use date range start date: null, end date: null
2020-07-30 15:31:58,666 INFO o.a.j.r.c.ReportGeneratorConfiguration: Property 'jmeter.reportgenerator.graph.totalTPS.exclude_controllers' not found, using default value 'false' instead.
2020-07-30 15:31:58,666 INFO o.a.j.r.c.ReportGeneratorConfiguration: Property 'jmeter.reportgenerator.graph.activeThreadsOverTime.exclude_controllers' not found, using default value 'false' instead.
2020-07-30 15:31:58,666 INFO o.a.j.r.c.ReportGeneratorConfiguration: Property 'jmeter.reportgenerator.graph.timeVsThreads.exclude_controllers' not found, using default value 'false' instead.
2020-07-30 15:31:58,667 INFO o.a.j.r.c.ReportGeneratorConfiguration: Property 'jmeter.reportgenerator.graph.responseTimeDistribution.exclude_controllers' not found, using default value 'false' instead.
2020-07-30 15:31:58,667 INFO o.a.j.r.c.ReportGeneratorConfiguration: Property 'jmeter.reportgenerator.graph.transactionsPerSecond.exclude_controllers' not found, using default value 'false' instead.
2020-07-30 15:31:58,667 INFO o.a.j.r.c.ReportGeneratorConfiguration: Property 'jmeter.reportgenerator.graph.responseTimePercentiles.exclude_controllers' not found, using default value 'false' instead.
2020-07-30 15:31:58,667 INFO o.a.j.r.c.ReportGeneratorConfiguration: Property 'jmeter.reportgenerator.graph.responseTimePercentilesOverTime.exclude_controllers' not found, using default value 'false' instead.
2020-07-30 15:31:58,667 INFO o.a.j.r.c.ReportGeneratorConfiguration: Property 'jmeter.reportgenerator.graph.responseTimesOverTime.exclude_controllers' not found, using default value 'false' instead.
2020-07-30 15:31:58,667 INFO o.a.j.r.c.ReportGeneratorConfiguration: Property 'jmeter.reportgenerator.graph.connectTimeOverTime.exclude_controllers' not found, using default value 'false' instead.
2020-07-30 15:31:58,668 INFO o.a.j.r.c.ReportGeneratorConfiguration: Property 'jmeter.reportgenerator.graph.latenciesOverTime.exclude_controllers' not found, using default value 'false' instead.
2020-07-30 15:31:58,674 INFO o.a.j.r.c.ReportGeneratorConfiguration: Property 'jmeter.reportgenerator.exporter.json.filters_only_sample_series' not found, using default value 'true' instead.
2020-07-30 15:31:58,674 INFO o.a.j.r.c.ReportGeneratorConfiguration: Property 'jmeter.reportgenerator.exporter.json.series_filter' not found, using default value '' instead.
2020-07-30 15:31:58,675 INFO o.a.j.r.c.ReportGeneratorConfiguration: Property 'jmeter.reportgenerator.exporter.json.show_controllers_only' not found, using default value 'false' instead.
2020-07-30 15:31:58,675 INFO o.a.j.r.c.ReportGeneratorConfiguration: Property 'jmeter.reportgenerator.exporter.html.filters_only_sample_series' not found, using default value 'true' instead.
2020-07-30 15:31:58,675 INFO o.a.j.r.c.ReportGeneratorConfiguration: Property 'jmeter.reportgenerator.exporter.html.series_filter' not found, using default value '' instead.
2020-07-30 15:31:58,675 INFO o.a.j.r.c.ReportGeneratorConfiguration: Property 'jmeter.reportgenerator.exporter.html.show_controllers_only' not found, using default value 'false' instead.
2020-07-30 15:31:59,161 INFO o.a.j.s.SaveService: Testplan (JMX) version: 2.2. Testlog (JTL) version: 2.2
2020-07-30 15:31:59,209 INFO o.a.j.s.SaveService: Using SaveService properties file encoding UTF-8
2020-07-30 15:31:59,220 INFO o.a.j.s.SaveService: Using SaveService properties version 5.0
2020-07-30 15:31:59,313 INFO o.a.j.r.p.NormalizerSampleConsumer: Using format, 'ms', to parse timeStamp field
2020-07-30 15:31:59,942 INFO o.a.j.r.p.AbstractSampleConsumer: class org.apache.jmeter.report.processor.AggregateConsumer#stopProducing(): beginDate produced 0 samples
2020-07-30 15:31:59,949 INFO o.a.j.r.p.AbstractSampleConsumer: class org.apache.jmeter.report.processor.AggregateConsumer#stopProducing(): endDate produced 0 samples
2020-07-30 15:31:59,951 INFO o.a.j.r.p.AbstractSampleConsumer: class org.apache.jmeter.report.processor.ApdexSummaryConsumer#stopProducing(): apdexSummary produced 0 samples
2020-07-30 15:31:59,951 INFO o.a.j.r.p.AbstractSampleConsumer: class org.apache.jmeter.report.processor.RequestsSummaryConsumer#stopProducing(): requestsSummary produced 0 samples
2020-07-30 15:31:59,971 INFO o.a.j.r.p.AbstractSampleConsumer: class org.apache.jmeter.report.processor.StatisticsSummaryConsumer#stopProducing(): statisticsSummary produced 0 samples
2020-07-30 15:32:00,010 INFO o.a.j.r.p.AbstractSampleConsumer: class org.apache.jmeter.report.processor.Top5ErrorsBySamplerConsumer#stopProducing(): top5ErrorsBySampler produced 0 samples
2020-07-30 15:32:00,010 INFO o.a.j.r.p.AbstractSampleConsumer: class org.apache.jmeter.report.processor.ErrorsSummaryConsumer#stopProducing(): errorsSummary produced 0 samples
2020-07-30 15:32:00,010 INFO o.a.j.r.p.AbstractSampleConsumer: class org.apache.jmeter.report.processor.graph.impl.HitsPerSecondGraphConsumer#stopProducing(): hitsPerSecond produced 0 samples
2020-07-30 15:32:00,057 INFO o.a.j.r.p.AbstractSampleConsumer: class org.apache.jmeter.report.processor.graph.impl.LatencyVSRequestGraphConsumer#stopProducing(): latencyVsRequest produced 0 samples
2020-07-30 15:32:00,058 INFO o.a.j.r.p.AbstractSampleConsumer: class org.apache.jmeter.report.processor.graph.impl.SyntheticResponseTimeDistributionGraphConsumer#stopProducing(): syntheticResponseTimeDistribution produced 0 samples
2020-07-30 15:32:00,060 INFO o.a.j.r.p.AbstractSampleConsumer: class org.apache.jmeter.report.processor.graph.impl.BytesThroughputGraphConsumer#stopProducing(): bytesThroughputOverTime produced 0 samples
2020-07-30 15:32:00,060 INFO o.a.j.r.p.AbstractSampleConsumer: class org.apache.jmeter.report.processor.graph.impl.CodesPerSecondGraphConsumer#stopProducing(): codesPerSecond produced 0 samples
2020-07-30 15:32:00,077 INFO o.a.j.r.p.AbstractSampleConsumer: class org.apache.jmeter.report.processor.graph.impl.ResponseTimeVSRequestGraphConsumer#stopProducing(): responseTimeVsRequest produced 0 samples
2020-07-30 15:32:00,078 INFO o.a.j.r.p.AbstractSampleConsumer: class org.apache.jmeter.report.processor.FilterConsumer#stopProducing(): startIntervalControlerFilter produced 539 samples
2020-07-30 15:32:00,078 INFO o.a.j.r.p.AbstractSampleConsumer: class org.apache.jmeter.report.processor.graph.impl.TotalTPSGraphConsumer#stopProducing(): totalTPS produced 0 samples
2020-07-30 15:32:00,078 INFO o.a.j.r.p.AbstractSampleConsumer: class org.apache.jmeter.report.processor.graph.impl.ActiveThreadsGraphConsumer#stopProducing(): activeThreadsOverTime produced 0 samples
2020-07-30 15:32:00,078 INFO o.a.j.r.p.AbstractSampleConsumer: class org.apache.jmeter.report.processor.graph.impl.TimeVSThreadGraphConsumer#stopProducing(): timeVsThreads produced 0 samples
2020-07-30 15:32:00,108 INFO o.a.j.r.p.AbstractSampleConsumer: class org.apache.jmeter.report.processor.graph.impl.ResponseTimeDistributionGraphConsumer#stopProducing(): responseTimeDistribution produced 0 samples
2020-07-30 15:32:00,110 INFO o.a.j.r.p.AbstractSampleConsumer: class org.apache.jmeter.report.processor.graph.impl.TransactionsPerSecondGraphConsumer#stopProducing(): transactionsPerSecond produced 0 samples
2020-07-30 15:32:00,135 INFO o.a.j.r.p.AbstractSampleConsumer: class org.apache.jmeter.report.processor.graph.impl.ResponseTimePercentilesGraphConsumer#stopProducing(): responseTimePercentiles produced 0 samples
2020-07-30 15:32:00,158 INFO o.a.j.r.p.AbstractSampleConsumer: class org.apache.jmeter.report.processor.graph.impl.ResponseTimePercentilesOverTimeGraphConsumer#stopProducing(): responseTimePercentilesOverTime produced 0 samples
2020-07-30 15:32:00,165 INFO o.a.j.r.p.AbstractSampleConsumer: class org.apache.jmeter.report.processor.graph.impl.ResponseTimeOverTimeGraphConsumer#stopProducing(): responseTimesOverTime produced 0 samples
2020-07-30 15:32:00,165 INFO o.a.j.r.p.AbstractSampleConsumer: class org.apache.jmeter.report.processor.graph.impl.ConnectTimeOverTimeGraphConsumer#stopProducing(): connectTimeOverTime produced 0 samples
2020-07-30 15:32:00,166 INFO o.a.j.r.p.AbstractSampleConsumer: class org.apache.jmeter.report.processor.graph.impl.LatencyOverTimeGraphConsumer#stopProducing(): latenciesOverTime produced 0 samples
2020-07-30 15:32:00,166 INFO o.a.j.r.p.AbstractSampleConsumer: class org.apache.jmeter.report.processor.FilterConsumer#stopProducing(): nameFilter produced 1275 samples
2020-07-30 15:32:00,166 INFO o.a.j.r.p.AbstractSampleConsumer: class org.apache.jmeter.report.processor.FilterConsumer#stopProducing(): dateRangeFilter produced 255 samples
2020-07-30 15:32:00,166 INFO o.a.j.r.p.AbstractSampleConsumer: class org.apache.jmeter.report.processor.NormalizerSampleConsumer#stopProducing(): normalizer produced 85 samples
2020-07-30 15:32:00,167 INFO o.a.j.r.p.CsvFileSampleSource: produce(): 85 samples produced in 680ms on channel 0
2020-07-30 15:32:00,167 INFO o.a.j.r.d.ReportGenerator: Exporting data using exporter:'json' of className:'org.apache.jmeter.report.dashboard.JsonExporter'
2020-07-30 15:32:00,176 INFO o.a.j.r.d.JsonExporter: Found data for consumer statisticsSummary in context
2020-07-30 15:32:00,176 INFO o.a.j.r.d.JsonExporter: Creating statistics for overall
2020-07-30 15:32:00,176 INFO o.a.j.r.d.JsonExporter: Creating statistics for other transactions
2020-07-30 15:32:00,178 INFO o.a.j.r.d.JsonExporter: Checking output folder
2020-07-30 15:32:00,178 INFO o.a.j.r.d.JsonExporter: Writing statistics JSON to /opt/apache-jmeter-5.1.1/jmeter-testing/logs-202007301528/reports/statistics.json
2020-07-30 15:32:02,489 INFO o.a.j.r.d.ReportGenerator: Exporting data using exporter:'html' of className:'org.apache.jmeter.report.dashboard.HtmlTemplateExporter'
2020-07-30 15:32:02,508 INFO o.a.j.r.d.HtmlTemplateExporter: Will generate dashboard in folder: /opt/apache-jmeter-5.1.1/jmeter-testing/logs-202007301528/reports
2020-07-30 15:32:03,984 INFO o.a.j.r.d.HtmlTemplateExporter: Report will be generated in: /opt/apache-jmeter-5.1.1/jmeter-testing/logs-202007301528/reports, creating folder structure
2020-07-30 15:32:03,994 INFO o.a.j.r.d.TemplateVisitor: Copying folder from '/opt/apache-jmeter-5.1.1/bin/report-template' to '/opt/apache-jmeter-5.1.1/jmeter-testing/logs-202007301528/reports', got message:[/opt/apache-jmeter-5.1.1/jmeter-testing/logs-202007301528/reports/statistics.json], found non empty folder with following content {}, will be ignored
