2020-07-30 14:00:00,428 INFO o.a.j.u.JMeterUtils: Setting Locale to en_EN
2020-07-30 14:00:00,991 INFO o.a.j.JMeter: Loading user properties from: /opt/apache-jmeter-5.1.1/bin/user.properties
2020-07-30 14:00:00,992 INFO o.a.j.JMeter: Loading system properties from: /opt/apache-jmeter-5.1.1/bin/system.properties
2020-07-30 14:00:01,183 INFO o.a.j.JMeter: Copyright (c) 1998-2019 The Apache Software Foundation
2020-07-30 14:00:01,199 INFO o.a.j.JMeter: Version 5.1.1 r1855137
2020-07-30 14:00:01,210 INFO o.a.j.JMeter: java.version=1.8.0_222
2020-07-30 14:00:01,211 INFO o.a.j.JMeter: java.vm.name=OpenJDK 64-Bit Server VM
2020-07-30 14:00:01,211 INFO o.a.j.JMeter: os.name=Linux
2020-07-30 14:00:01,211 INFO o.a.j.JMeter: os.arch=amd64
2020-07-30 14:00:01,211 INFO o.a.j.JMeter: os.version=4.15.0-1089-azure
2020-07-30 14:00:01,212 INFO o.a.j.JMeter: file.encoding=UTF-8
2020-07-30 14:00:01,212 INFO o.a.j.JMeter: java.awt.headless=true
2020-07-30 14:00:01,212 INFO o.a.j.JMeter: Max memory     =1073741824
2020-07-30 14:00:01,212 INFO o.a.j.JMeter: Available Processors =1
2020-07-30 14:00:01,270 INFO o.a.j.JMeter: Default Locale=English (EN)
2020-07-30 14:00:01,271 INFO o.a.j.JMeter: JMeter  Locale=English (EN)
2020-07-30 14:00:01,271 INFO o.a.j.JMeter: JMeterHome=/opt/apache-jmeter-5.1.1
2020-07-30 14:00:01,271 INFO o.a.j.JMeter: user.dir  =/opt/apache-jmeter-5.1.1/jmeter-testing
2020-07-30 14:00:01,271 INFO o.a.j.JMeter: PWD       =/opt/apache-jmeter-5.1.1/jmeter-testing
2020-07-30 14:00:01,271 INFO o.a.j.JMeter: IP: 10.244.1.162 Name: jmeter-3fef212a94c3f919-z7tr2 FullName: jmeter-3fef212a94c3f919-z7tr2
2020-07-30 14:00:01,654 INFO o.a.j.JMeter: Setting property 'jmeter.reportgenerator.outputdir' to:'/opt/apache-jmeter-5.1.1/jmeter-testing/reports'
2020-07-30 14:00:01,685 INFO o.a.j.r.d.ReportGenerator: ReportGenerator will use for Parsing the separator: ','
2020-07-30 14:00:01,686 INFO o.a.j.r.d.ReportGenerator: Will only generate report from results file: result.jtl
2020-07-30 14:00:01,686 INFO o.a.j.r.d.ReportGenerator: Reading report generator properties from: /opt/apache-jmeter-5.1.1/bin/reportgenerator.properties
2020-07-30 14:00:01,700 INFO o.a.j.r.d.ReportGenerator: Merging with JMeter properties
2020-07-30 14:00:02,236 INFO o.a.j.r.c.ReportGeneratorConfiguration: Property 'jmeter.reportgenerator.temp_dir' not found, using default value 'temp' instead.
2020-07-30 14:00:02,254 INFO o.a.j.r.c.ReportGeneratorConfiguration: Property 'jmeter.reportgenerator.apdex_per_transaction' not found, using default value 'null' instead.
2020-07-30 14:00:02,271 INFO o.a.j.r.c.ReportGeneratorConfiguration: apdex_per_transaction : {} is empty, not APDEX per transaction customization
2020-07-30 14:00:02,271 INFO o.a.j.r.c.ReportGeneratorConfiguration: Property 'jmeter.reportgenerator.sample_filter' not found, using default value 'null' instead.
2020-07-30 14:00:02,271 INFO o.a.j.r.c.ReportGeneratorConfiguration: Property 'jmeter.reportgenerator.report_title' not found, using default value 'null' instead.
2020-07-30 14:00:02,271 INFO o.a.j.r.c.ReportGeneratorConfiguration: Property 'jmeter.reportgenerator.start_date' not found, using default value 'null' instead.
2020-07-30 14:00:02,271 INFO o.a.j.r.c.ReportGeneratorConfiguration: Property 'jmeter.reportgenerator.end_date' not found, using default value 'null' instead.
2020-07-30 14:00:02,271 INFO o.a.j.r.c.ReportGeneratorConfiguration: Property 'jmeter.reportgenerator.date_format' not found, using default value 'null' instead.
2020-07-30 14:00:02,272 INFO o.a.j.r.c.ReportGeneratorConfiguration: Will use date range start date: null, end date: null
2020-07-30 14:00:02,284 INFO o.a.j.r.c.ReportGeneratorConfiguration: Property 'jmeter.reportgenerator.graph.totalTPS.exclude_controllers' not found, using default value 'false' instead.
2020-07-30 14:00:02,284 INFO o.a.j.r.c.ReportGeneratorConfiguration: Property 'jmeter.reportgenerator.graph.activeThreadsOverTime.exclude_controllers' not found, using default value 'false' instead.
2020-07-30 14:00:02,284 INFO o.a.j.r.c.ReportGeneratorConfiguration: Property 'jmeter.reportgenerator.graph.timeVsThreads.exclude_controllers' not found, using default value 'false' instead.
2020-07-30 14:00:02,322 INFO o.a.j.r.c.ReportGeneratorConfiguration: Property 'jmeter.reportgenerator.graph.responseTimeDistribution.exclude_controllers' not found, using default value 'false' instead.
2020-07-30 14:00:02,330 INFO o.a.j.r.c.ReportGeneratorConfiguration: Property 'jmeter.reportgenerator.graph.transactionsPerSecond.exclude_controllers' not found, using default value 'false' instead.
2020-07-30 14:00:02,330 INFO o.a.j.r.c.ReportGeneratorConfiguration: Property 'jmeter.reportgenerator.graph.responseTimePercentiles.exclude_controllers' not found, using default value 'false' instead.
2020-07-30 14:00:02,330 INFO o.a.j.r.c.ReportGeneratorConfiguration: Property 'jmeter.reportgenerator.graph.responseTimePercentilesOverTime.exclude_controllers' not found, using default value 'false' instead.
2020-07-30 14:00:02,330 INFO o.a.j.r.c.ReportGeneratorConfiguration: Property 'jmeter.reportgenerator.graph.responseTimesOverTime.exclude_controllers' not found, using default value 'false' instead.
2020-07-30 14:00:02,331 INFO o.a.j.r.c.ReportGeneratorConfiguration: Property 'jmeter.reportgenerator.graph.connectTimeOverTime.exclude_controllers' not found, using default value 'false' instead.
2020-07-30 14:00:02,332 INFO o.a.j.r.c.ReportGeneratorConfiguration: Property 'jmeter.reportgenerator.graph.latenciesOverTime.exclude_controllers' not found, using default value 'false' instead.
2020-07-30 14:00:02,341 INFO o.a.j.r.c.ReportGeneratorConfiguration: Property 'jmeter.reportgenerator.exporter.json.filters_only_sample_series' not found, using default value 'true' instead.
2020-07-30 14:00:02,341 INFO o.a.j.r.c.ReportGeneratorConfiguration: Property 'jmeter.reportgenerator.exporter.json.series_filter' not found, using default value '' instead.
2020-07-30 14:00:02,341 INFO o.a.j.r.c.ReportGeneratorConfiguration: Property 'jmeter.reportgenerator.exporter.json.show_controllers_only' not found, using default value 'false' instead.
2020-07-30 14:00:02,350 INFO o.a.j.r.c.ReportGeneratorConfiguration: Property 'jmeter.reportgenerator.exporter.html.filters_only_sample_series' not found, using default value 'true' instead.
2020-07-30 14:00:02,350 INFO o.a.j.r.c.ReportGeneratorConfiguration: Property 'jmeter.reportgenerator.exporter.html.series_filter' not found, using default value '' instead.
2020-07-30 14:00:02,350 INFO o.a.j.r.c.ReportGeneratorConfiguration: Property 'jmeter.reportgenerator.exporter.html.show_controllers_only' not found, using default value 'false' instead.
2020-07-30 14:00:06,996 INFO o.a.j.s.SaveService: Testplan (JMX) version: 2.2. Testlog (JTL) version: 2.2
2020-07-30 14:00:07,075 INFO o.a.j.s.SaveService: Using SaveService properties file encoding UTF-8
2020-07-30 14:00:07,094 INFO o.a.j.s.SaveService: Using SaveService properties version 5.0
2020-07-30 14:00:07,165 INFO o.a.j.r.p.NormalizerSampleConsumer: Using format, 'ms', to parse timeStamp field
2020-07-30 14:00:07,579 INFO o.a.j.r.p.AbstractSampleConsumer: class org.apache.jmeter.report.processor.AggregateConsumer#stopProducing(): beginDate produced 0 samples
2020-07-30 14:00:07,580 INFO o.a.j.r.p.AbstractSampleConsumer: class org.apache.jmeter.report.processor.AggregateConsumer#stopProducing(): endDate produced 0 samples
2020-07-30 14:00:07,588 INFO o.a.j.r.p.AbstractSampleConsumer: class org.apache.jmeter.report.processor.ApdexSummaryConsumer#stopProducing(): apdexSummary produced 0 samples
2020-07-30 14:00:07,589 INFO o.a.j.r.p.AbstractSampleConsumer: class org.apache.jmeter.report.processor.RequestsSummaryConsumer#stopProducing(): requestsSummary produced 0 samples
2020-07-30 14:00:07,618 INFO o.a.j.r.p.AbstractSampleConsumer: class org.apache.jmeter.report.processor.StatisticsSummaryConsumer#stopProducing(): statisticsSummary produced 0 samples
2020-07-30 14:00:07,667 INFO o.a.j.r.p.AbstractSampleConsumer: class org.apache.jmeter.report.processor.Top5ErrorsBySamplerConsumer#stopProducing(): top5ErrorsBySampler produced 0 samples
2020-07-30 14:00:07,667 INFO o.a.j.r.p.AbstractSampleConsumer: class org.apache.jmeter.report.processor.ErrorsSummaryConsumer#stopProducing(): errorsSummary produced 0 samples
2020-07-30 14:00:07,667 INFO o.a.j.r.p.AbstractSampleConsumer: class org.apache.jmeter.report.processor.graph.impl.HitsPerSecondGraphConsumer#stopProducing(): hitsPerSecond produced 0 samples
2020-07-30 14:00:07,729 INFO o.a.j.r.p.AbstractSampleConsumer: class org.apache.jmeter.report.processor.graph.impl.LatencyVSRequestGraphConsumer#stopProducing(): latencyVsRequest produced 0 samples
2020-07-30 14:00:07,737 INFO o.a.j.r.p.AbstractSampleConsumer: class org.apache.jmeter.report.processor.graph.impl.SyntheticResponseTimeDistributionGraphConsumer#stopProducing(): syntheticResponseTimeDistribution produced 0 samples
2020-07-30 14:00:07,738 INFO o.a.j.r.p.AbstractSampleConsumer: class org.apache.jmeter.report.processor.graph.impl.BytesThroughputGraphConsumer#stopProducing(): bytesThroughputOverTime produced 0 samples
2020-07-30 14:00:07,738 INFO o.a.j.r.p.AbstractSampleConsumer: class org.apache.jmeter.report.processor.graph.impl.CodesPerSecondGraphConsumer#stopProducing(): codesPerSecond produced 0 samples
2020-07-30 14:00:07,797 INFO o.a.j.r.p.AbstractSampleConsumer: class org.apache.jmeter.report.processor.graph.impl.ResponseTimeVSRequestGraphConsumer#stopProducing(): responseTimeVsRequest produced 0 samples
2020-07-30 14:00:07,797 INFO o.a.j.r.p.AbstractSampleConsumer: class org.apache.jmeter.report.processor.FilterConsumer#stopProducing(): startIntervalControlerFilter produced 539 samples
2020-07-30 14:00:07,798 INFO o.a.j.r.p.AbstractSampleConsumer: class org.apache.jmeter.report.processor.graph.impl.TotalTPSGraphConsumer#stopProducing(): totalTPS produced 0 samples
2020-07-30 14:00:07,798 INFO o.a.j.r.p.AbstractSampleConsumer: class org.apache.jmeter.report.processor.graph.impl.ActiveThreadsGraphConsumer#stopProducing(): activeThreadsOverTime produced 0 samples
2020-07-30 14:00:07,798 INFO o.a.j.r.p.AbstractSampleConsumer: class org.apache.jmeter.report.processor.graph.impl.TimeVSThreadGraphConsumer#stopProducing(): timeVsThreads produced 0 samples
2020-07-30 14:00:07,916 INFO o.a.j.r.p.AbstractSampleConsumer: class org.apache.jmeter.report.processor.graph.impl.ResponseTimeDistributionGraphConsumer#stopProducing(): responseTimeDistribution produced 0 samples
2020-07-30 14:00:07,917 INFO o.a.j.r.p.AbstractSampleConsumer: class org.apache.jmeter.report.processor.graph.impl.TransactionsPerSecondGraphConsumer#stopProducing(): transactionsPerSecond produced 0 samples
2020-07-30 14:00:07,934 INFO o.a.j.r.p.AbstractSampleConsumer: class org.apache.jmeter.report.processor.graph.impl.ResponseTimePercentilesGraphConsumer#stopProducing(): responseTimePercentiles produced 0 samples
2020-07-30 14:00:08,032 INFO o.a.j.r.p.AbstractSampleConsumer: class org.apache.jmeter.report.processor.graph.impl.ResponseTimePercentilesOverTimeGraphConsumer#stopProducing(): responseTimePercentilesOverTime produced 0 samples
2020-07-30 14:00:08,033 INFO o.a.j.r.p.AbstractSampleConsumer: class org.apache.jmeter.report.processor.graph.impl.ResponseTimeOverTimeGraphConsumer#stopProducing(): responseTimesOverTime produced 0 samples
2020-07-30 14:00:08,033 INFO o.a.j.r.p.AbstractSampleConsumer: class org.apache.jmeter.report.processor.graph.impl.ConnectTimeOverTimeGraphConsumer#stopProducing(): connectTimeOverTime produced 0 samples
2020-07-30 14:00:08,058 INFO o.a.j.r.p.AbstractSampleConsumer: class org.apache.jmeter.report.processor.graph.impl.LatencyOverTimeGraphConsumer#stopProducing(): latenciesOverTime produced 0 samples
2020-07-30 14:00:08,059 INFO o.a.j.r.p.AbstractSampleConsumer: class org.apache.jmeter.report.processor.FilterConsumer#stopProducing(): nameFilter produced 1275 samples
2020-07-30 14:00:08,059 INFO o.a.j.r.p.AbstractSampleConsumer: class org.apache.jmeter.report.processor.FilterConsumer#stopProducing(): dateRangeFilter produced 255 samples
2020-07-30 14:00:08,059 INFO o.a.j.r.p.AbstractSampleConsumer: class org.apache.jmeter.report.processor.NormalizerSampleConsumer#stopProducing(): normalizer produced 85 samples
2020-07-30 14:00:08,060 INFO o.a.j.r.p.CsvFileSampleSource: produce(): 85 samples produced in 756ms on channel 0
2020-07-30 14:00:08,060 INFO o.a.j.r.d.ReportGenerator: Exporting data using exporter:'json' of className:'org.apache.jmeter.report.dashboard.JsonExporter'
2020-07-30 14:00:08,068 INFO o.a.j.r.d.JsonExporter: Found data for consumer statisticsSummary in context
2020-07-30 14:00:08,068 INFO o.a.j.r.d.JsonExporter: Creating statistics for overall
2020-07-30 14:00:08,069 INFO o.a.j.r.d.JsonExporter: Creating statistics for other transactions
2020-07-30 14:00:08,070 INFO o.a.j.r.d.JsonExporter: Checking output folder
2020-07-30 14:00:08,070 INFO o.a.j.r.d.JsonExporter: Writing statistics JSON to /opt/apache-jmeter-5.1.1/jmeter-testing/reports/statistics.json
2020-07-30 14:00:09,200 INFO o.a.j.r.d.ReportGenerator: Exporting data using exporter:'html' of className:'org.apache.jmeter.report.dashboard.HtmlTemplateExporter'
2020-07-30 14:00:09,211 INFO o.a.j.r.d.HtmlTemplateExporter: Will generate dashboard in folder: /opt/apache-jmeter-5.1.1/jmeter-testing/reports
2020-07-30 14:00:12,044 INFO o.a.j.r.d.HtmlTemplateExporter: Report will be generated in: /opt/apache-jmeter-5.1.1/jmeter-testing/reports, creating folder structure
2020-07-30 14:00:12,064 INFO o.a.j.r.d.TemplateVisitor: Copying folder from '/opt/apache-jmeter-5.1.1/bin/report-template' to '/opt/apache-jmeter-5.1.1/jmeter-testing/reports', got message:[/opt/apache-jmeter-5.1.1/jmeter-testing/reports/statistics.json], found non empty folder with following content {}, will be ignored
