2020-08-26 09:05:18,071 INFO o.a.j.u.JMeterUtils: Setting Locale to en_EN
2020-08-26 09:05:18,095 INFO o.a.j.JMeter: Loading user properties from: /opt/apache-jmeter-5.1.1/bin/user.properties
2020-08-26 09:05:18,096 INFO o.a.j.JMeter: Loading system properties from: /opt/apache-jmeter-5.1.1/bin/system.properties
2020-08-26 09:05:18,096 INFO o.a.j.JMeter: Setting JMeter property: gate-url=oes-demo-api.opsmx.com
2020-08-26 09:05:18,096 INFO o.a.j.JMeter: Setting JMeter property: ui-url=oes-demo.opsmx.com
2020-08-26 09:05:18,096 INFO o.a.j.JMeter: Setting JMeter property: port=443
2020-08-26 09:05:18,096 INFO o.a.j.JMeter: Setting JMeter property: protocol=https
2020-08-26 09:05:18,097 INFO o.a.j.JMeter: Setting JMeter property: username=admin
2020-08-26 09:05:18,097 INFO o.a.j.JMeter: Setting JMeter property: password=opsmx@123
2020-08-26 09:05:18,105 INFO o.a.j.JMeter: Copyright (c) 1998-2019 The Apache Software Foundation
2020-08-26 09:05:18,105 INFO o.a.j.JMeter: Version 5.1.1 r1855137
2020-08-26 09:05:18,105 INFO o.a.j.JMeter: java.version=1.8.0_222
2020-08-26 09:05:18,106 INFO o.a.j.JMeter: java.vm.name=OpenJDK 64-Bit Server VM
2020-08-26 09:05:18,106 INFO o.a.j.JMeter: os.name=Linux
2020-08-26 09:05:18,106 INFO o.a.j.JMeter: os.arch=amd64
2020-08-26 09:05:18,106 INFO o.a.j.JMeter: os.version=4.15.0-1093-oem
2020-08-26 09:05:18,106 INFO o.a.j.JMeter: file.encoding=UTF-8
2020-08-26 09:05:18,106 INFO o.a.j.JMeter: java.awt.headless=true
2020-08-26 09:05:18,106 INFO o.a.j.JMeter: Max memory     =1073741824
2020-08-26 09:05:18,107 INFO o.a.j.JMeter: Available Processors =8
2020-08-26 09:05:18,114 INFO o.a.j.JMeter: Default Locale=English (EN)
2020-08-26 09:05:18,114 INFO o.a.j.JMeter: JMeter  Locale=English (EN)
2020-08-26 09:05:18,114 INFO o.a.j.JMeter: JMeterHome=/opt/apache-jmeter-5.1.1
2020-08-26 09:05:18,115 INFO o.a.j.JMeter: user.dir  =/jmeter-testing/jmeter-scripts
2020-08-26 09:05:18,115 INFO o.a.j.JMeter: PWD       =/jmeter-testing/jmeter-scripts
2020-08-26 09:05:18,115 INFO o.a.j.JMeter: IP: 172.17.0.2 Name: f14961edb216 FullName: f14961edb216
2020-08-26 09:05:18,121 INFO o.a.j.s.FileServer: Default base='/jmeter-testing/jmeter-scripts'
2020-08-26 09:05:18,130 INFO o.a.j.s.FileServer: Set new base='/jmeter-testing/jmeter-scripts'
2020-08-26 09:05:18,388 INFO o.a.j.s.SaveService: Testplan (JMX) version: 2.2. Testlog (JTL) version: 2.2
2020-08-26 09:05:18,410 INFO o.a.j.s.SaveService: Using SaveService properties file encoding UTF-8
2020-08-26 09:05:18,418 INFO o.a.j.s.SaveService: Using SaveService properties version 5.0
2020-08-26 09:05:18,429 INFO o.a.j.s.SaveService: Loading file: A-oes-datasource.jmx
2020-08-26 09:05:18,591 INFO o.a.j.p.h.c.CookieManager: Settings: Delete null: true Check: true Allow variable: true Save: false Prefix: COOKIE_
2020-08-26 09:05:18,754 INFO o.a.j.p.h.s.HTTPSamplerBase: Parser for text/html is org.apache.jmeter.protocol.http.parser.LagartoBasedHtmlParser
2020-08-26 09:05:18,755 INFO o.a.j.p.h.s.HTTPSamplerBase: Parser for application/xhtml+xml is org.apache.jmeter.protocol.http.parser.LagartoBasedHtmlParser
2020-08-26 09:05:18,755 INFO o.a.j.p.h.s.HTTPSamplerBase: Parser for application/xml is org.apache.jmeter.protocol.http.parser.LagartoBasedHtmlParser
2020-08-26 09:05:18,756 INFO o.a.j.p.h.s.HTTPSamplerBase: Parser for text/xml is org.apache.jmeter.protocol.http.parser.LagartoBasedHtmlParser
2020-08-26 09:05:18,756 INFO o.a.j.p.h.s.HTTPSamplerBase: Parser for text/vnd.wap.wml is org.apache.jmeter.protocol.http.parser.RegexpHTMLParser
2020-08-26 09:05:18,756 INFO o.a.j.p.h.s.HTTPSamplerBase: Parser for text/css is org.apache.jmeter.protocol.http.parser.CssParser
2020-08-26 09:05:19,614 INFO o.a.j.e.KeyToolUtils: keytool found at 'keytool'
2020-08-26 09:05:19,615 INFO o.a.j.p.h.p.ProxyControl: HTTP(S) Test Script Recorder SSL Proxy will use keys that support embedded 3rd party resources in file /opt/apache-jmeter-5.1.1/bin/proxyserver.jks
2020-08-26 09:05:19,718 INFO o.a.j.JMeter: Creating summariser <summary>
2020-08-26 09:05:19,738 INFO o.a.j.e.StandardJMeterEngine: Running the test!
2020-08-26 09:05:19,741 INFO o.a.j.s.SampleEvent: List of sample_variables: []
2020-08-26 09:05:19,741 INFO o.a.j.s.SampleEvent: List of sample_variables: []
2020-08-26 09:05:19,769 INFO o.a.j.e.u.CompoundVariable: Note: Function class names must contain the string: '.functions.'
2020-08-26 09:05:19,769 INFO o.a.j.e.u.CompoundVariable: Note: Function class names must not contain the string: '.gui.'
2020-08-26 09:05:21,465 INFO o.a.j.JMeter: Running test (1598432721464)
2020-08-26 09:05:21,606 INFO o.a.j.e.StandardJMeterEngine: Starting ThreadGroup: 1 : Thread Group
2020-08-26 09:05:21,607 INFO o.a.j.e.StandardJMeterEngine: Starting 1 threads for group Thread Group.
2020-08-26 09:05:21,607 INFO o.a.j.e.StandardJMeterEngine: Thread will continue on error
2020-08-26 09:05:21,608 INFO o.a.j.t.ThreadGroup: Starting thread group... number=1 threads=1 ramp-up=1 delayedStart=false
2020-08-26 09:05:21,636 INFO o.a.j.t.ThreadGroup: Started thread group number 1
2020-08-26 09:05:21,636 INFO o.a.j.e.StandardJMeterEngine: All thread groups have been started
2020-08-26 09:05:21,655 INFO o.a.j.s.SampleResult: Note: Sample TimeStamps are START times
2020-08-26 09:05:21,656 INFO o.a.j.s.SampleResult: sampleresult.default.encoding is set to ISO-8859-1
2020-08-26 09:05:21,656 INFO o.a.j.s.SampleResult: sampleresult.useNanoTime=true
2020-08-26 09:05:21,656 INFO o.a.j.s.SampleResult: sampleresult.nanoThreadSleep=5000
2020-08-26 09:05:21,664 INFO o.a.j.t.JMeterThread: Thread started: Thread Group 1-1
2020-08-26 09:05:21,728 INFO o.a.j.p.h.s.HTTPHCAbstractImpl: Local host = f14961edb216
2020-08-26 09:05:21,747 INFO o.a.j.p.h.s.HTTPHC4Impl: HTTP request retry count = 0
2020-08-26 09:05:21,986 INFO o.a.j.p.h.s.h.LazyLayeredConnectionSocketFactory: Setting up HTTPS TrustAll Socket Factory
2020-08-26 09:05:21,996 INFO o.a.j.u.JsseSSLManager: Using default SSL protocol: TLS
2020-08-26 09:05:21,996 INFO o.a.j.u.JsseSSLManager: SSL session context: per-thread
2020-08-26 09:05:22,470 INFO o.a.j.u.SSLManager: JmeterKeyStore Location:  type JKS
2020-08-26 09:05:22,478 INFO o.a.j.u.SSLManager: KeyStore created OK
2020-08-26 09:05:22,479 WARN o.a.j.u.SSLManager: Keystore file not found, loading empty keystore
2020-08-26 09:05:30,307 INFO o.a.j.r.Summariser: summary +     10 in 00:00:09 =    1.1/s Avg:   841 Min:   512 Max:  3556 Err:    10 (100.00%) Active: 1 Started: 1 Finished: 0
2020-08-26 09:05:37,309 INFO o.a.j.t.JMeterThread: Thread is done: Thread Group 1-1
2020-08-26 09:05:37,310 INFO o.a.j.t.JMeterThread: Thread finished: Thread Group 1-1
2020-08-26 09:05:37,313 INFO o.a.j.e.StandardJMeterEngine: Notifying test listeners of end of test
2020-08-26 09:05:37,316 INFO o.a.j.r.Summariser: summary +     13 in 00:00:07 =    1.9/s Avg:   536 Min:   516 Max:   596 Err:    13 (100.00%) Active: 0 Started: 1 Finished: 1
2020-08-26 09:05:37,317 INFO o.a.j.r.Summariser: summary =     23 in 00:00:16 =    1.5/s Avg:   668 Min:   512 Max:  3556 Err:    23 (100.00%)
