2020-07-30 15:06:41,725 INFO o.a.j.u.JMeterUtils: Setting Locale to en_EN
2020-07-30 15:06:41,850 INFO o.a.j.JMeter: Loading user properties from: /opt/apache-jmeter-5.1.1/bin/user.properties
2020-07-30 15:06:41,850 INFO o.a.j.JMeter: Loading system properties from: /opt/apache-jmeter-5.1.1/bin/system.properties
2020-07-30 15:06:41,889 INFO o.a.j.JMeter: Copyright (c) 1998-2019 The Apache Software Foundation
2020-07-30 15:06:41,889 INFO o.a.j.JMeter: Version 5.1.1 r1855137
2020-07-30 15:06:41,889 INFO o.a.j.JMeter: java.version=1.8.0_222
2020-07-30 15:06:41,889 INFO o.a.j.JMeter: java.vm.name=OpenJDK 64-Bit Server VM
2020-07-30 15:06:41,889 INFO o.a.j.JMeter: os.name=Linux
2020-07-30 15:06:41,890 INFO o.a.j.JMeter: os.arch=amd64
2020-07-30 15:06:41,890 INFO o.a.j.JMeter: os.version=4.15.0-1089-azure
2020-07-30 15:06:41,890 INFO o.a.j.JMeter: file.encoding=UTF-8
2020-07-30 15:06:41,890 INFO o.a.j.JMeter: java.awt.headless=true
2020-07-30 15:06:41,890 INFO o.a.j.JMeter: Max memory     =1073741824
2020-07-30 15:06:41,897 INFO o.a.j.JMeter: Available Processors =1
2020-07-30 15:06:41,908 INFO o.a.j.JMeter: Default Locale=English (EN)
2020-07-30 15:06:41,916 INFO o.a.j.JMeter: JMeter  Locale=English (EN)
2020-07-30 15:06:41,916 INFO o.a.j.JMeter: JMeterHome=/opt/apache-jmeter-5.1.1
2020-07-30 15:06:41,916 INFO o.a.j.JMeter: user.dir  =/opt/apache-jmeter-5.1.1/jmeter-testing
2020-07-30 15:06:41,916 INFO o.a.j.JMeter: PWD       =/opt/apache-jmeter-5.1.1/jmeter-testing
2020-07-30 15:06:41,917 INFO o.a.j.JMeter: IP: 10.244.1.104 Name: jmeter-3fbbf7ecc608aac8-nchcq FullName: jmeter-3fbbf7ecc608aac8-nchcq
2020-07-30 15:06:41,926 ERROR o.a.j.JMeter: An error occurred: 
java.lang.IllegalArgumentException: Cannot write to '/opt/apache-jmeter-5.1.1/jmeter-testing/reports' as folder is not empty
	at org.apache.jorphan.util.JOrphanUtils.canSafelyWriteToFolder(JOrphanUtils.java:675) ~[jorphan.jar:5.1.1 r1855137]
	at org.apache.jorphan.util.JOrphanUtils.canSafelyWriteToFolder(JOrphanUtils.java:633) ~[jorphan.jar:5.1.1 r1855137]
	at org.apache.jmeter.JMeter.extractAndSetReportOutputFolder(JMeter.java:593) ~[ApacheJMeter_core.jar:5.1.1 r1855137]
	at org.apache.jmeter.JMeter.start(JMeter.java:540) [ApacheJMeter_core.jar:5.1.1 r1855137]
	at sun.reflect.NativeMethodAccessorImpl.invoke0(Native Method) ~[?:1.8.0_222]
	at sun.reflect.NativeMethodAccessorImpl.invoke(NativeMethodAccessorImpl.java:62) ~[?:1.8.0_222]
	at sun.reflect.DelegatingMethodAccessorImpl.invoke(DelegatingMethodAccessorImpl.java:43) ~[?:1.8.0_222]
	at java.lang.reflect.Method.invoke(Method.java:498) ~[?:1.8.0_222]
	at org.apache.jmeter.NewDriver.main(NewDriver.java:253) [ApacheJMeter.jar:5.1.1 r1855137]
